<?xml version="1.0" encoding="UTF-8"?>
<!-- Generated by org.testng.reporters.JUnitReportReporter -->
<testsuite hostname="admin1-desktop" failures="0" tests="1" name="RestAssured.RestAssured.TC002_POST_REQUEST" time="5.102" errors="0" timestamp="23 Oct 2019 12:06:27 GMT" skipped="0">
  <testcase classname="RestAssured.RestAssured.TC002_POST_REQUEST" name="register_successful" time="5.102"/>
</testsuite> <!-- RestAssured.RestAssured.TC002_POST_REQUEST -->
