<?xml version="1.0" encoding="UTF-8"?>
<!-- Generated by org.testng.reporters.JUnitReportReporter -->
<testsuite hostname="admin1-desktop" failures="0" tests="1" name="RestAssured.RestAssured.TC01_GET_Request" time="1.417" errors="0" timestamp="23 Oct 2019 11:43:49 GMT" skipped="0">
  <testcase classname="RestAssured.RestAssured.TC01_GET_Request" name="getWeatherDetails" time="1.417"/>
</testsuite> <!-- RestAssured.RestAssured.TC01_GET_Request -->
